STATUS | wrapper  | 2020/05/17 23:49:31 | --> Wrapper Started as Daemon
STATUS | wrapper  | 2020/05/17 23:49:31 | Launching a JVM...
INFO   | jvm 1    | 2020/05/17 23:49:31 | Wrapper (Version 3.2.3) http://wrapper.tanukisoftware.org
INFO   | jvm 1    | 2020/05/17 23:49:31 |   Copyright 1999-2006 Tanuki Software, Inc.  All Rights Reserved.
INFO   | jvm 1    | 2020/05/17 23:49:31 | 
INFO   | jvm 1    | 2020/05/17 23:49:47 | [23:49:47] WARN [org.apache.directory.api.ldap.model.entry.DefaultAttribute] - ERR_13207_VALUE_ALREADY_EXISTS The value '1.3.6.1.4.1.42.2.27.8.5.1' already exists in the attribute (supportedControl)
INFO   | jvm 1    | 2020/05/17 23:49:47 | [23:49:47] WARN [org.apache.directory.api.ldap.model.entry.DefaultAttribute] - ERR_13207_VALUE_ALREADY_EXISTS The value '1.2.840.113556.1.4.841' already exists in the attribute (supportedControl)
INFO   | jvm 1    | 2020/05/17 23:49:47 | [23:49:47] WARN [org.apache.directory.api.ldap.model.entry.DefaultAttribute] - ERR_13207_VALUE_ALREADY_EXISTS The value '1.3.6.1.4.1.4203.1.9.1.2' already exists in the attribute (supportedControl)
INFO   | jvm 1    | 2020/05/17 23:49:47 | [23:49:47] WARN [org.apache.directory.api.ldap.model.entry.DefaultAttribute] - ERR_13207_VALUE_ALREADY_EXISTS The value '1.2.840.113556.1.4.319' already exists in the attribute (supportedControl)
INFO   | jvm 1    | 2020/05/17 23:49:47 | [23:49:47] WARN [org.apache.directory.api.ldap.model.entry.DefaultAttribute] - ERR_13207_VALUE_ALREADY_EXISTS The value '1.2.840.113556.1.4.528' already exists in the attribute (supportedControl)
INFO   | jvm 1    | 2020/05/17 23:49:48 | [23:49:48] WARN [org.apache.directory.server.core.DefaultDirectoryService] - You didn't change the admin password of directory service instance 'default'.  Please update the admin password as soon as possible to prevent a possible security breach.
INFO   | jvm 1    | 2020/05/17 23:49:53 |            _                     _          ____  ____   
INFO   | jvm 1    | 2020/05/17 23:49:53 |           / \   _ __    ___  ___| |__   ___|  _ \/ ___|  
INFO   | jvm 1    | 2020/05/17 23:49:53 |          / _ \ | '_ \ / _` |/ __| '_ \ / _ \ | | \___ \  
INFO   | jvm 1    | 2020/05/17 23:49:53 |         / ___ \| |_) | (_| | (__| | | |  __/ |_| |___) | 
INFO   | jvm 1    | 2020/05/17 23:49:53 |        /_/   \_\ .__/ \__,_|\___|_| |_|\___|____/|____/  
INFO   | jvm 1    | 2020/05/17 23:49:53 |                |_|                                       
INFO   | jvm 1    | 2020/05/17 23:49:53 | 
STATUS | wrapper  | 2020/05/17 23:50:26 | TERM trapped.  Shutting down.
STATUS | wrapper  | 2020/05/17 23:50:27 | <-- Wrapper Stopped
